<?xml version="1.0" encoding="UTF-8"?>
<!-- Generated by org.testng.reporters.JUnitReportReporter -->
<testsuite hostname="DESKTOP-2BLRRP8" failures="0" tests="2" name="swaglab.swaglabstest.login_page" time="63.201" errors="0" timestamp="2026-02-26T20:48:46 IST" skipped="0">
  <testcase classname="swaglab.swaglabstest.login_page" name="launch" time="61.681"/>
  <testcase classname="swaglab.swaglabstest.login_page" name="loginbutton" time="1.520"/>
</testsuite> <!-- swaglab.swaglabstest.login_page -->
