<?xml version="1.0" encoding="UTF-8"?>
<!-- Generated by org.testng.reporters.JUnitReportReporter -->
<testsuite hostname="DESKTOP-2BLRRP8" failures="0" tests="3" name="swaglab.swaglabstest.menu_logout" time="64.605" errors="0" timestamp="2026-03-03T22:47:37 IST" skipped="0">
  <testcase classname="swaglab.swaglabstest.menu_logout" name="launch" time="63.030"/>
  <testcase classname="swaglab.swaglabstest.menu_logout" name="login" time="0.989"/>
  <testcase classname="swaglab.swaglabstest.menu_logout" name="menu_logouts" time="0.586"/>
</testsuite> <!-- swaglab.swaglabstest.menu_logout -->
