<?xml version="1.0" encoding="UTF-8"?>
<!-- Generated by org.testng.reporters.JUnitReportReporter -->
<testsuite hostname="DESKTOP-2BLRRP8" failures="0" tests="3" name="swaglab.swaglabstest.home_page" time="25.824" errors="0" timestamp="2026-03-04T00:11:06 IST" skipped="0">
  <testcase classname="swaglab.swaglabstest.home_page" name="launch" time="22.638"/>
  <testcase classname="swaglab.swaglabstest.home_page" name="login" time="1.425"/>
  <testcase classname="swaglab.swaglabstest.home_page" name="product_details" time="1.761"/>
</testsuite> <!-- swaglab.swaglabstest.home_page -->
