<?xml version="1.0" encoding="UTF-8"?>
<!-- Generated by org.testng.reporters.JUnitReportReporter -->
<testsuite hostname="DESKTOP-2BLRRP8" failures="0" tests="3" name="swaglab.swaglabstest.footer" time="68.854" errors="0" timestamp="2026-03-03T20:23:16 IST" skipped="0">
  <testcase classname="swaglab.swaglabstest.footer" name="launch" time="53.752"/>
  <testcase classname="swaglab.swaglabstest.footer" name="login" time="9.188"/>
  <testcase classname="swaglab.swaglabstest.footer" name="footer" time="5.914"/>
</testsuite> <!-- swaglab.swaglabstest.footer -->
