<?xml version="1.0" encoding="UTF-8"?>
<!-- Generated by org.testng.reporters.JUnitReportReporter -->
<testsuite hostname="DESKTOP-2BLRRP8" failures="0" tests="3" name="swaglab.swaglabstest.menu_reset_app" time="42.107" errors="0" timestamp="2026-03-03T22:56:25 IST" skipped="0">
  <testcase classname="swaglab.swaglabstest.menu_reset_app" name="launch" time="38.543"/>
  <testcase classname="swaglab.swaglabstest.menu_reset_app" name="login" time="1.040"/>
  <testcase classname="swaglab.swaglabstest.menu_reset_app" name="menu_reset_stste_app" time="2.524"/>
</testsuite> <!-- swaglab.swaglabstest.menu_reset_app -->
