<?xml version="1.0" encoding="UTF-8"?>
<!-- Generated by org.testng.reporters.JUnitReportReporter -->
<testsuite hostname="DESKTOP-2BLRRP8" failures="0" tests="6" name="swaglab.swaglabstest.product_filter" time="19.715" errors="0" timestamp="2026-03-03T22:03:18 IST" skipped="0">
  <testcase classname="swaglab.swaglabstest.product_filter" name="launch" time="16.786"/>
  <testcase classname="swaglab.swaglabstest.product_filter" name="login" time="1.118"/>
  <testcase classname="swaglab.swaglabstest.product_filter" name="Name_A_to_Z" time="0.654"/>
  <testcase classname="swaglab.swaglabstest.product_filter" name="Name_Z_to_A" time="0.571"/>
  <testcase classname="swaglab.swaglabstest.product_filter" name="Price_low_high" time="0.321"/>
  <testcase classname="swaglab.swaglabstest.product_filter" name="Price_high_low" time="0.265"/>
</testsuite> <!-- swaglab.swaglabstest.product_filter -->
