<?xml version="1.0" encoding="UTF-8"?>
<!-- Generated by org.testng.reporters.JUnitReportReporter -->
<testsuite hostname="DESKTOP-2BLRRP8" failures="0" tests="3" name="swaglab.swaglabstest.product_img" time="137.790" errors="0" timestamp="2026-03-04T00:06:03 IST" skipped="0">
  <testcase classname="swaglab.swaglabstest.product_img" name="launch" time="124.247"/>
  <testcase classname="swaglab.swaglabstest.product_img" name="login" time="9.103"/>
  <testcase classname="swaglab.swaglabstest.product_img" name="produ_img" time="4.440"/>
</testsuite> <!-- swaglab.swaglabstest.product_img -->
