<?xml version="1.0" encoding="UTF-8"?>
<testng-results ignored="0" total="7" passed="7" failed="0" skipped="0">
  <reporter-output>
  </reporter-output>
  <suite started-at="2026-03-04T00:56:29 IST" name="Default suite" finished-at="2026-03-04T00:57:40 IST" duration-ms="71065">
    <groups>
    </groups>
    <test started-at="2026-03-04T00:56:29 IST" name="Default test" finished-at="2026-03-04T00:57:40 IST" duration-ms="71065">
      <class name="swaglab.swaglabstest.cart_page">
        <test-method signature="launch()[pri:1, instance:swaglab.swaglabstest.cart_page@7b2bbc3]" started-at="2026-03-04T00:56:29 IST" name="launch" finished-at="2026-03-04T00:57:35 IST" duration-ms="65884" status="PASS">
          <reporter-output>
          </reporter-output>
        </test-method> <!-- launch -->
        <test-method signature="login()[pri:2, instance:swaglab.swaglabstest.cart_page@7b2bbc3]" started-at="2026-03-04T00:57:35 IST" name="login" finished-at="2026-03-04T00:57:37 IST" duration-ms="1513" status="PASS">
          <reporter-output>
          </reporter-output>
        </test-method> <!-- login -->
        <test-method signature="cart()[pri:3, instance:swaglab.swaglabstest.cart_page@7b2bbc3]" started-at="2026-03-04T00:57:37 IST" name="cart" finished-at="2026-03-04T00:57:37 IST" duration-ms="642" status="PASS">
          <reporter-output>
          </reporter-output>
        </test-method> <!-- cart -->
        <test-method signature="checkout_button()[pri:4, instance:swaglab.swaglabstest.cart_page@7b2bbc3]" started-at="2026-03-04T00:57:37 IST" name="checkout_button" finished-at="2026-03-04T00:57:38 IST" duration-ms="427" status="PASS">
          <reporter-output>
          </reporter-output>
        </test-method> <!-- checkout_button -->
        <test-method signature="checkout_info()[pri:5, instance:swaglab.swaglabstest.cart_page@7b2bbc3]" started-at="2026-03-04T00:57:38 IST" name="checkout_info" finished-at="2026-03-04T00:57:39 IST" duration-ms="1558" status="PASS">
          <reporter-output>
          </reporter-output>
        </test-method> <!-- checkout_info -->
        <test-method signature="shipping_info()[pri:6, instance:swaglab.swaglabstest.cart_page@7b2bbc3]" started-at="2026-03-04T00:57:39 IST" name="shipping_info" finished-at="2026-03-04T00:57:40 IST" duration-ms="386" status="PASS">
          <reporter-output>
          </reporter-output>
        </test-method> <!-- shipping_info -->
        <test-method signature="back_home()[pri:7, instance:swaglab.swaglabstest.cart_page@7b2bbc3]" started-at="2026-03-04T00:57:40 IST" name="back_home" finished-at="2026-03-04T00:57:40 IST" duration-ms="268" status="PASS">
          <reporter-output>
          </reporter-output>
        </test-method> <!-- back_home -->
      </class> <!-- swaglab.swaglabstest.cart_page -->
    </test> <!-- Default test -->
  </suite> <!-- Default suite -->
</testng-results>
