<?xml version="1.0" encoding="UTF-8"?>
<!-- Generated by org.testng.reporters.JUnitXMLReporter -->
<testsuite ignored="0" hostname="DESKTOP-2BLRRP8" failures="0" tests="7" name="Default test" time="71.065" errors="0" timestamp="2026-03-04T00:57:42 IST">
  <testcase classname="swaglab.swaglabstest.cart_page" name="launch" time="65.884"/>
  <testcase classname="swaglab.swaglabstest.cart_page" name="login" time="1.513"/>
  <testcase classname="swaglab.swaglabstest.cart_page" name="cart" time="0.642"/>
  <testcase classname="swaglab.swaglabstest.cart_page" name="checkout_button" time="0.427"/>
  <testcase classname="swaglab.swaglabstest.cart_page" name="checkout_info" time="1.558"/>
  <testcase classname="swaglab.swaglabstest.cart_page" name="shipping_info" time="0.386"/>
  <testcase classname="swaglab.swaglabstest.cart_page" name="back_home" time="0.268"/>
</testsuite> <!-- Default test -->
